# JRE version: Java(TM) SE Runtime Environment (8.0-b132) (build 1.8.0-b132)
# Java VM: Java HotSpot(TM) 64-Bit Server VM (25.0-b70 mixed mode windows-amd64 compressed oops)
Heap:
 PSYoungGen      total 84992K, used 65049K [0x00000000d5d80000, 0x00000000dbc80000, 0x0000000100000000)
  eden space 74240K, 78% used [0x00000000d5d80000,0x00000000d96a5910,0x00000000da600000)
  from space 10752K, 60% used [0x00000000db100000,0x00000000db760e80,0x00000000dbb80000)
  to   space 11264K, 0% used [0x00000000da600000,0x00000000da600000,0x00000000db100000)
 ParOldGen       total 29184K, used 20999K [0x0000000081800000, 0x0000000083480000, 0x00000000d5d80000)
  object space 29184K, 71% used [0x0000000081800000,0x0000000082c81d68,0x0000000083480000)
 Metaspace       used 50111K, capacity 53422K, committed 53632K, reserved 1095680K
  class space    used 6870K, capacity 7447K, committed 7552K, reserved 1048576K
GC Heap History (10 events):
Event: 656.652 GC heap before
{Heap before GC invocations=40 (full 5):
 PSYoungGen      total 80896K, used 75062K [0x00000000d5d80000, 0x00000000dbb00000, 0x0000000100000000)
  eden space 69120K, 100% used [0x00000000d5d80000,0x00000000da100000,0x00000000da100000)
  from space 11776K, 50% used [0x00000000dac80000,0x00000000db24da48,0x00000000db800000)
  to   space 11776K, 0% used [0x00000000da100000,0x00000000da100000,0x00000000dac80000)
 ParOldGen       total 29184K, used 18210K [0x0000000081800000, 0x0000000083480000, 0x00000000d5d80000)
  object space 29184K, 62% used [0x0000000081800000,0x00000000829c8ac0,0x0000000083480000)
 Metaspace       used 49508K, capacity 52572K, committed 52736K, reserved 1095680K
  class space    used 6781K, capacity 7335K, committed 7424K, reserved 1048576K
Event: 656.663 GC heap after
Heap after GC invocations=40 (full 5):
 PSYoungGen      total 80896K, used 6141K [0x00000000d5d80000, 0x00000000dba80000, 0x0000000100000000)
  eden space 69120K, 0% used [0x00000000d5d80000,0x00000000d5d80000,0x00000000da100000)
  from space 11776K, 52% used [0x00000000da100000,0x00000000da6ff5e8,0x00000000dac80000)
  to   space 11776K, 0% used [0x00000000daf00000,0x00000000daf00000,0x00000000dba80000)
 ParOldGen       total 29184K, used 18218K [0x0000000081800000, 0x0000000083480000, 0x00000000d5d80000)
  object space 29184K, 62% used [0x0000000081800000,0x00000000829caac0,0x0000000083480000)
 Metaspace       used 49508K, capacity 52572K, committed 52736K, reserved 1095680K
  class space    used 6781K, capacity 7335K, committed 7424K, reserved 1048576K
}
Event: 701.126 GC heap before
{Heap before GC invocations=41 (full 5):
 PSYoungGen      total 80896K, used 52742K [0x00000000d5d80000, 0x00000000dba80000, 0x0000000100000000)
  eden space 69120K, 67% used [0x00000000d5d80000,0x00000000d8b024c0,0x00000000da100000)
  from space 11776K, 52% used [0x00000000da100000,0x00000000da6ff5e8,0x00000000dac80000)
  to   space 11776K, 0% used [0x00000000daf00000,0x00000000daf00000,0x00000000dba80000)
 ParOldGen       total 29184K, used 18218K [0x0000000081800000, 0x0000000083480000, 0x00000000d5d80000)
  object space 29184K, 62% used [0x0000000081800000,0x00000000829caac0,0x0000000083480000)
 Metaspace       used 49572K, capacity 52692K, committed 52992K, reserved 1095680K
  class space    used 6792K, capacity 7350K, committed 7424K, reserved 1048576K
Event: 701.153 GC heap after
Heap after GC invocations=41 (full 5):
 PSYoungGen      total 82432K, used 3525K [0x00000000d5d80000, 0x00000000db980000, 0x0000000100000000)
  eden space 71680K, 0% used [0x00000000d5d80000,0x00000000d5d80000,0x00000000da380000)
  from space 10752K, 32% used [0x00000000daf00000,0x00000000db271600,0x00000000db980000)
  to   space 11264K, 0% used [0x00000000da380000,0x00000000da380000,0x00000000dae80000)
 ParOldGen       total 29184K, used 18226K [0x0000000081800000, 0x0000000083480000, 0x00000000d5d80000)
  object space 29184K, 62% used [0x0000000081800000,0x00000000829ccac0,0x0000000083480000)
 Metaspace       used 49572K, capacity 52692K, committed 52992K, reserved 1095680K
  class space    used 6792K, capacity 7350K, committed 7424K, reserved 1048576K
}
Event: 701.153 GC heap before
{Heap before GC invocations=42 (full 6):
 PSYoungGen      total 82432K, used 3525K [0x00000000d5d80000, 0x00000000db980000, 0x0000000100000000)
  eden space 71680K, 0% used [0x00000000d5d80000,0x00000000d5d80000,0x00000000da380000)
  from space 10752K, 32% used [0x00000000daf00000,0x00000000db271600,0x00000000db980000)
  to   space 11264K, 0% used [0x00000000da380000,0x00000000da380000,0x00000000dae80000)
 ParOldGen       total 29184K, used 18226K [0x0000000081800000, 0x0000000083480000, 0x00000000d5d80000)
  object space 29184K, 62% used [0x0000000081800000,0x00000000829ccac0,0x0000000083480000)
 Metaspace       used 49572K, capacity 52692K, committed 52992K, reserved 1095680K
  class space    used 6792K, capacity 7350K, committed 7424K, reserved 1048576K
Event: 701.927 GC heap after
Heap after GC invocations=42 (full 6):
 PSYoungGen      total 82432K, used 0K [0x00000000d5d80000, 0x00000000db980000, 0x0000000100000000)
  eden space 71680K, 0% used [0x00000000d5d80000,0x00000000d5d80000,0x00000000da380000)
  from space 10752K, 0% used [0x00000000daf00000,0x00000000daf00000,0x00000000db980000)
  to   space 11264K, 0% used [0x00000000da380000,0x00000000da380000,0x00000000dae80000)
 ParOldGen       total 29184K, used 20983K [0x0000000081800000, 0x0000000083480000, 0x00000000d5d80000)
  object space 29184K, 71% used [0x0000000081800000,0x0000000082c7dd68,0x0000000083480000)
 Metaspace       used 49569K, capacity 52686K, committed 52992K, reserved 1095680K
  class space    used 6791K, capacity 7349K, committed 7424K, reserved 1048576K
}
Event: 703.274 GC heap before
{Heap before GC invocations=43 (full 6):
 PSYoungGen      total 82432K, used 71680K [0x00000000d5d80000, 0x00000000db980000, 0x0000000100000000)
  eden space 71680K, 100% used [0x00000000d5d80000,0x00000000da380000,0x00000000da380000)
  from space 10752K, 0% used [0x00000000daf00000,0x00000000daf00000,0x00000000db980000)
  to   space 11264K, 0% used [0x00000000da380000,0x00000000da380000,0x00000000dae80000)
 ParOldGen       total 29184K, used 20983K [0x0000000081800000, 0x0000000083480000, 0x00000000d5d80000)
  object space 29184K, 71% used [0x0000000081800000,0x0000000082c7dd68,0x0000000083480000)
 Metaspace       used 49619K, capacity 52814K, committed 52992K, reserved 1095680K
  class space    used 6803K, capacity 7365K, committed 7424K, reserved 1048576K
Event: 703.289 GC heap after
Heap after GC invocations=43 (full 6):
 PSYoungGen      total 82944K, used 5849K [0x00000000d5d80000, 0x00000000dbb80000, 0x0000000100000000)
  eden space 71680K, 0% used [0x00000000d5d80000,0x00000000d5d80000,0x00000000da380000)
  from space 11264K, 51% used [0x00000000da380000,0x00000000da936478,0x00000000dae80000)
  to   space 10752K, 0% used [0x00000000db100000,0x00000000db100000,0x00000000dbb80000)
 ParOldGen       total 29184K, used 20991K [0x0000000081800000, 0x0000000083480000, 0x00000000d5d80000)
  object space 29184K, 71% used [0x0000000081800000,0x0000000082c7fd68,0x0000000083480000)
 Metaspace       used 49619K, capacity 52814K, committed 52992K, reserved 1095680K
  class space    used 6803K, capacity 7365K, committed 7424K, reserved 1048576K
}
Event: 705.594 GC heap before
{Heap before GC invocations=44 (full 6):
 PSYoungGen      total 82944K, used 77529K [0x00000000d5d80000, 0x00000000dbb80000, 0x0000000100000000)
  eden space 71680K, 100% used [0x00000000d5d80000,0x00000000da380000,0x00000000da380000)
  from space 11264K, 51% used [0x00000000da380000,0x00000000da936478,0x00000000dae80000)
  to   space 10752K, 0% used [0x00000000db100000,0x00000000db100000,0x00000000dbb80000)
 ParOldGen       total 29184K, used 20991K [0x0000000081800000, 0x0000000083480000, 0x00000000d5d80000)
  object space 29184K, 71% used [0x0000000081800000,0x0000000082c7fd68,0x0000000083480000)
 Metaspace       used 49944K, capacity 53206K, committed 53376K, reserved 1095680K
  class space    used 6846K, capacity 7443K, committed 7552K, reserved 1048576K
Event: 705.616 GC heap after
Heap after GC invocations=44 (full 6):
 PSYoungGen      total 84992K, used 6531K [0x00000000d5d80000, 0x00000000dbc80000, 0x0000000100000000)
  eden space 74240K, 0% used [0x00000000d5d80000,0x00000000d5d80000,0x00000000da600000)
  from space 10752K, 60% used [0x00000000db100000,0x00000000db760e80,0x00000000dbb80000)
  to   space 11264K, 0% used [0x00000000da600000,0x00000000da600000,0x00000000db100000)
 ParOldGen       total 29184K, used 20999K [0x0000000081800000, 0x0000000083480000, 0x00000000d5d80000)
  object space 29184K, 71% used [0x0000000081800000,0x0000000082c81d68,0x0000000083480000)
 Metaspace       used 49944K, capacity 53206K, committed 53376K, reserved 1095680K
  class space    used 6846K, capacity 7443K, committed 7552K, reserved 1048576K
}

